The system is: Darwin - 20.1.0 - x86_64
Compiling the C compiler identification source file "CMakeCCompilerId.c" succeeded.
Compiler:  
Build flags: 
Id flags:  

The output was:
0
Command line invocation:
    /Applications/Xcode.app/Contents/Developer/usr/bin/xcodebuild

note: Using new build system
note: Planning build
2020-12-15 22:43:50.326 xcodebuild[17550:894411]  iPhoneConnect: ðŸ“±<DVTiOSDevice (0x7fbf33941870), ê¹€ì¢…í˜ì˜ iPad, iPad, 14.2 (18B92), 00008027-001D05182162402E> unable to mount developer disk image, (Error Domain=com.apple.dtdevicekit Code=601 "The current device configuration is unsupported. This iPad Pro (12.9-inch) (4th generation) is running iOS 14.2 (18B92), which is not supported by Xcode 11.7." UserInfo={NSLocalizedDescription=The current device configuration is unsupported. This iPad Pro (12.9-inch) (4th generation) is running iOS 14.2 (18B92), which is not supported by Xcode 11.7., NSLocalizedRecoverySuggestion=To run on this device, please update to a version of Xcode that supports iOS 14.2. You can download Xcode from the Mac App Store or the Apple Developer website., DVTRadarComponentKey=487927, DeviceType=iPad8,11, NSUnderlyingError=0x7fbf3178e8d0 {Error Domain=com.apple.dt.DVTDeviceSupportFilesError Code=2 "Unable to locate ideal DDI for platform: <DVTPlatform:0x7fbf2e20da90:'com.apple.platform.iphoneos':<DVTFilePath:0x7fbf2e20d810:'/Applications/Xcode.app/Contents/Developer/Platforms/iPhoneOS.platform'>>, version: 14.2, build: 18B92" UserInfo={NSLocalizedDescription=Unable to locate ideal DDI for platform: <DVTPlatform:0x7fbf2e20da90:'com.apple.platform.iphoneos':<DVTFilePath:0x7fbf2e20d810:'/Applications/Xcode.app/Contents/Developer/Platforms/iPhoneOS.platform'>>, version: 14.2, build: 18B92, DVTRadarComponentKey=487927}}}) {
    DVTRadarComponentKey = 487927;
    DeviceType = "iPad8,11";
    NSLocalizedDescription = "The current device configuration is unsupported. This iPad Pro (12.9-inch) (4th generation) is running iOS 14.2 (18B92), which is not supported by Xcode 11.7.";
    NSLocalizedRecoverySuggestion = "To run on this device, please update to a version of Xcode that supports iOS 14.2. You can download Xcode from the Mac App Store or the Apple Developer website.";
    NSUnderlyingError = "Error Domain=com.apple.dt.DVTDeviceSupportFilesError Code=2 \"Unable to locate ideal DDI for platform: <DVTPlatform:0x7fbf2e20da90:'com.apple.platform.iphoneos':<DVTFilePath:0x7fbf2e20d810:'/Applications/Xcode.app/Contents/Developer/Platforms/iPhoneOS.platform'>>, version: 14.2, build: 18B92\" UserInfo={NSLocalizedDescription=Unable to locate ideal DDI for platform: <DVTPlatform:0x7fbf2e20da90:'com.apple.platform.iphoneos':<DVTFilePath:0x7fbf2e20d810:'/Applications/Xcode.app/Contents/Developer/Platforms/iPhoneOS.platform'>>, version: 14.2, build: 18B92, DVTRadarComponentKey=487927}";
}
2020-12-15 22:43:50.326 xcodebuild[17550:894342] [MT] iPhoneConnect: ðŸ“±<DVTiOSDevice (0x7fbf33941870), ê¹€ì¢…í˜ì˜ iPad, iPad, 14.2 (18B92), 00008027-001D05182162402E> -- An error occurred whilst preparing device for development -- The current device configuration is unsupported. This iPad Pro (12.9-inch) (4th generation) is running iOS 14.2 (18B92), which is not supported by Xcode 11.7.
Domain: com.apple.dtdevicekit
Code: 601
Recovery Suggestion: To run on this device, please update to a version of Xcode that supports iOS 14.2. You can download Xcode from the Mac App Store or the Apple Developer website.
User Info: {
    DVTRadarComponentKey = 487927;
    DeviceType = "iPad8,11";
}
--
Unable to locate ideal DDI for platform: <DVTPlatform:0x7fbf2e20da90:'com.apple.platform.iphoneos':<DVTFilePath:0x7fbf2e20d810:'/Applications/Xcode.app/Contents/Developer/Platforms/iPhoneOS.platform'>>, version: 14.2, build: 18B92
Domain: com.apple.dt.DVTDeviceSupportFilesError
Code: 2
User Info: {
    DVTRadarComponentKey = 487927;
}
--
2020-12-15 22:43:50.326 xcodebuild[17550:894342] [MT] iPhoneConnect: ðŸ“±<DVTiOSDevice (0x7fbf33941870), ê¹€ì¢…í˜ì˜ iPad, iPad, 14.2 (18B92), 00008027-001D05182162402E> == Underlying device preparation errors ==
2020-12-15 22:43:50.326 xcodebuild[17550:894342] [MT] iPhoneConnect: The current device configuration is unsupported. This iPad Pro (12.9-inch) (4th generation) is running iOS 14.2 (18B92), which is not supported by Xcode 11.7.
Domain: com.apple.dtdevicekit
Code: 601
Recovery Suggestion: To run on this device, please update to a version of Xcode that supports iOS 14.2. You can download Xcode from the Mac App Store or the Apple Developer website.
User Info: {
    DVTRadarComponentKey = 487927;
    DeviceType = "iPad8,11";
}
--
Unable to locate ideal DDI for platform: <DVTPlatform:0x7fbf2e20da90:'com.apple.platform.iphoneos':<DVTFilePath:0x7fbf2e20d810:'/Applications/Xcode.app/Contents/Developer/Platforms/iPhoneOS.platform'>>, version: 14.2, build: 18B92
Domain: com.apple.dt.DVTDeviceSupportFilesError
Code: 2
User Info: {
    DVTRadarComponentKey = 487927;
}
--
2020-12-15 22:43:50.326 xcodebuild[17550:894342] [MT] iPhoneConnect: The current device configuration is unsupported. This iPad Pro (12.9-inch) (4th generation) is running iOS 14.2 (18B92), which is not supported by Xcode 11.7.
Domain: com.apple.dtdevicekit
Code: 601
Recovery Suggestion: To run on this device, please update to a version of Xcode that supports iOS 14.2. You can download Xcode from the Mac App Store or the Apple Developer website.
User Info: {
    DVTRadarComponentKey = 487927;
    DeviceType = "iPad8,11";
}
--
Unable to locate ideal DDI for platform: <DVTPlatform:0x7fbf2e20da90:'com.apple.platform.iphoneos':<DVTFilePath:0x7fbf2e20d810:'/Applications/Xcode.app/Contents/Developer/Platforms/iPhoneOS.platform'>>, version: 14.2, build: 18B92
Domain: com.apple.dt.DVTDeviceSupportFilesError
Code: 2
User Info: {
    DVTRadarComponentKey = 487927;
}
--
2020-12-15 22:43:50.326 xcodebuild[17550:894342] [MT] iPhoneConnect: ðŸ“±<DVTiOSDevice (0x7fbf33941870), ê¹€ì¢…í˜ì˜ iPad, iPad, 14.2 (18B92), 00008027-001D05182162402E> == END: Underlying device preparation errors ==
note: Constructing build description
warning: Traditional headermap style is no longer supported; please migrate to using separate headermaps and set 'ALWAYS_SEARCH_USER_PATHS' to NO. (in target 'CompilerIdC' from project 'CompilerIdC')
CreateBuildDirectory /Users/hexk/Desktop/glfw-3.3.2/Build/CMakeFiles/3.19.1/CompilerIdC (in target 'CompilerIdC' from project 'CompilerIdC')
    cd /Users/hexk/Desktop/glfw-3.3.2/Build/CMakeFiles/3.19.1/CompilerIdC
    builtin-create-build-directory /Users/hexk/Desktop/glfw-3.3.2/Build/CMakeFiles/3.19.1/CompilerIdC

WriteAuxiliaryFile /Users/hexk/Desktop/glfw-3.3.2/Build/CMakeFiles/3.19.1/CompilerIdC/CompilerIdC.build/Debug/CompilerIdC.build/all-product-headers.yaml (in target 'CompilerIdC' from project 'CompilerIdC')
    cd /Users/hexk/Desktop/glfw-3.3.2/Build/CMakeFiles/3.19.1/CompilerIdC
    write-file /Users/hexk/Desktop/glfw-3.3.2/Build/CMakeFiles/3.19.1/CompilerIdC/CompilerIdC.build/Debug/CompilerIdC.build/all-product-headers.yaml

WriteAuxiliaryFile /Users/hexk/Desktop/glfw-3.3.2/Build/CMakeFiles/3.19.1/CompilerIdC/CompilerIdC.build/Debug/CompilerIdC.build/CompilerIdC-generated-files.hmap (in target 'CompilerIdC' from project 'CompilerIdC')
    cd /Users/hexk/Desktop/glfw-3.3.2/Build/CMakeFiles/3.19.1/CompilerIdC
    write-file /Users/hexk/Desktop/glfw-3.3.2/Build/CMakeFiles/3.19.1/CompilerIdC/CompilerIdC.build/Debug/CompilerIdC.build/CompilerIdC-generated-files.hmap

WriteAuxiliaryFile /Users/hexk/Desktop/glfw-3.3.2/Build/CMakeFiles/3.19.1/CompilerIdC/CompilerIdC.build/Debug/CompilerIdC.build/CompilerIdC-own-target-headers.hmap (in target 'CompilerIdC' from project 'CompilerIdC')
    cd /Users/hexk/Desktop/glfw-3.3.2/Build/CMakeFiles/3.19.1/CompilerIdC
    write-file /Users/hexk/Desktop/glfw-3.3.2/Build/CMakeFiles/3.19.1/CompilerIdC/CompilerIdC.build/Debug/CompilerIdC.build/CompilerIdC-own-target-headers.hmap

WriteAuxiliaryFile /Users/hexk/Desktop/glfw-3.3.2/Build/CMakeFiles/3.19.1/CompilerIdC/CompilerIdC.build/Debug/CompilerIdC.build/CompilerIdC-all-target-headers.hmap (in target 'CompilerIdC' from project 'CompilerIdC')
    cd /Users/hexk/Desktop/glfw-3.3.2/Build/CMakeFiles/3.19.1/CompilerIdC
    write-file /Users/hexk/Desktop/glfw-3.3.2/Build/CMakeFiles/3.19.1/CompilerIdC/CompilerIdC.build/Debug/CompilerIdC.build/CompilerIdC-all-target-headers.hmap

WriteAuxiliaryFile /Users/hexk/Desktop/glfw-3.3.2/Build/CMakeFiles/3.19.1/CompilerIdC/CompilerIdC.build/Debug/CompilerIdC.build/CompilerIdC.hmap (in target 'CompilerIdC' from project 'CompilerIdC')
    cd /Users/hexk/Desktop/glfw-3.3.2/Build/CMakeFiles/3.19.1/CompilerIdC
    write-file /Users/hexk/Desktop/glfw-3.3.2/Build/CMakeFiles/3.19.1/CompilerIdC/CompilerIdC.build/Debug/CompilerIdC.build/CompilerIdC.hmap

WriteAuxiliaryFile /Users/hexk/Desktop/glfw-3.3.2/Build/CMakeFiles/3.19.1/CompilerIdC/CompilerIdC.build/Debug/CompilerIdC.build/CompilerIdC-all-non-framework-target-headers.hmap (in target 'CompilerIdC' from project 'CompilerIdC')
    cd /Users/hexk/Desktop/glfw-3.3.2/Build/CMakeFiles/3.19.1/CompilerIdC
    write-file /Users/hexk/Desktop/glfw-3.3.2/Build/CMakeFiles/3.19.1/CompilerIdC/CompilerIdC.build/Debug/CompilerIdC.build/CompilerIdC-all-non-framework-target-headers.hmap

WriteAuxiliaryFile /Users/hexk/Desktop/glfw-3.3.2/Build/CMakeFiles/3.19.1/CompilerIdC/CompilerIdC.build/Debug/CompilerIdC.build/CompilerIdC-project-headers.hmap (in target 'CompilerIdC' from project 'CompilerIdC')
    cd /Users/hexk/Desktop/glfw-3.3.2/Build/CMakeFiles/3.19.1/CompilerIdC
    write-file /Users/hexk/Desktop/glfw-3.3.2/Build/CMakeFiles/3.19.1/CompilerIdC/CompilerIdC.build/Debug/CompilerIdC.build/CompilerIdC-project-headers.hmap

WriteAuxiliaryFile /Users/hexk/Desktop/glfw-3.3.2/Build/CMakeFiles/3.19.1/CompilerIdC/CompilerIdC.build/Debug/CompilerIdC.build/Objects-normal/x86_64/CompilerIdC.LinkFileList (in target 'CompilerIdC' from project 'CompilerIdC')
    cd /Users/hexk/Desktop/glfw-3.3.2/Build/CMakeFiles/3.19.1/CompilerIdC
    write-file /Users/hexk/Desktop/glfw-3.3.2/Build/CMakeFiles/3.19.1/CompilerIdC/CompilerIdC.build/Debug/CompilerIdC.build/Objects-normal/x86_64/CompilerIdC.LinkFileList

CompileC /Users/hexk/Desktop/glfw-3.3.2/Build/CMakeFiles/3.19.1/CompilerIdC/CompilerIdC.build/Debug/CompilerIdC.build/Objects-normal/x86_64/CMakeCCompilerId.o /Users/hexk/Desktop/glfw-3.3.2/Build/CMakeFiles/3.19.1/CompilerIdC/CMakeCCompilerId.c normal x86_64 c com.apple.compilers.llvm.clang.1_0.compiler (in target 'CompilerIdC' from project 'CompilerIdC')
    cd /Users/hexk/Desktop/glfw-3.3.2/Build/CMakeFiles/3.19.1/CompilerIdC
    export LANG=en_US.US-ASCII
    /Applications/Xcode.app/Contents/Developer/Toolchains/XcodeDefault.xctoolchain/usr/bin/clang -x c -target x86_64-apple-macos10.15 -fmessage-length=0 -fdiagnostics-show-note-include-stack -fmacro-backtrace-limit=0 -Wno-trigraphs -fpascal-strings -Os -Wno-missing-field-initializers -Wno-missing-prototypes -Wno-return-type -Wno-missing-braces -Wparentheses -Wswitch -Wno-unused-function -Wno-unused-label -Wno-unused-parameter -Wno-unused-variable -Wunused-value -Wno-empty-body -Wno-uninitialized -Wno-unknown-pragmas -Wno-shadow -Wno-four-char-constants -Wno-conversion -Wno-constant-conversion -Wno-int-conversion -Wno-bool-conversion -Wno-enum-conversion -Wno-float-conversion -Wno-non-literal-null-conversion -Wno-objc-literal-conversion -Wno-shorten-64-to-32 -Wpointer-sign -Wno-newline-eof -isysroot /Applications/Xcode.app/Contents/Developer/Platforms/MacOSX.platform/Developer/SDKs/MacOSX10.15.sdk -fasm-blocks -fstrict-aliasing -Wdeprecated-declarations -g -fvisibility=hidden -Wno-sign-conversion -Wno-infinite-recursion -Wno-comma -Wno-block-capture-autoreleasing -Wno-strict-prototypes -Wno-semicolon-before-method-body -iquote /Users/hexk/Desktop/glfw-3.3.2/Build/CMakeFiles/3.19.1/CompilerIdC/CompilerIdC.build/Debug/CompilerIdC.build/CompilerIdC-generated-files.hmap -I/Users/hexk/Desktop/glfw-3.3.2/Build/CMakeFiles/3.19.1/CompilerIdC/CompilerIdC.build/Debug/CompilerIdC.build/CompilerIdC-own-target-headers.hmap -I/Users/hexk/Desktop/glfw-3.3.2/Build/CMakeFiles/3.19.1/CompilerIdC/CompilerIdC.build/Debug/CompilerIdC.build/CompilerIdC-all-target-headers.hmap -iquote /Users/hexk/Desktop/glfw-3.3.2/Build/CMakeFiles/3.19.1/CompilerIdC/CompilerIdC.build/Debug/CompilerIdC.build/CompilerIdC-project-headers.hmap -I/Users/hexk/Desktop/glfw-3.3.2/Build/CMakeFiles/3.19.1/CompilerIdC/include -I/Users/hexk/Desktop/glfw-3.3.2/Build/CMakeFiles/3.19.1/CompilerIdC/CompilerIdC.build/Debug/CompilerIdC.build/DerivedSources-normal/x86_64 -I/Users/hexk/Desktop/glfw-3.3.2/Build/CMakeFiles/3.19.1/CompilerIdC/CompilerIdC.build/Debug/CompilerIdC.build/DerivedSources/x86_64 -I/Users/hexk/Desktop/glfw-3.3.2/Build/CMakeFiles/3.19.1/CompilerIdC/CompilerIdC.build/Debug/CompilerIdC.build/DerivedSources -F/Users/hexk/Desktop/glfw-3.3.2/Build/CMakeFiles/3.19.1/CompilerIdC -MMD -MT dependencies -MF /Users/hexk/Desktop/glfw-3.3.2/Build/CMakeFiles/3.19.1/CompilerIdC/CompilerIdC.build/Debug/CompilerIdC.build/Objects-normal/x86_64/CMakeCCompilerId.d --serialize-diagnostics /Users/hexk/Desktop/glfw-3.3.2/Build/CMakeFiles/3.19.1/CompilerIdC/CompilerIdC.build/Debug/CompilerIdC.build/Objects-normal/x86_64/CMakeCCompilerId.dia -c /Users/hexk/Desktop/glfw-3.3.2/Build/CMakeFiles/3.19.1/CompilerIdC/CMakeCCompilerId.c -o /Users/hexk/Desktop/glfw-3.3.2/Build/CMakeFiles/3.19.1/CompilerIdC/CompilerIdC.build/Debug/CompilerIdC.build/Objects-normal/x86_64/CMakeCCompilerId.o

Ld /Users/hexk/Desktop/glfw-3.3.2/Build/CMakeFiles/3.19.1/CompilerIdC/CompilerIdC normal x86_64 (in target 'CompilerIdC' from project 'CompilerIdC')
    cd /Users/hexk/Desktop/glfw-3.3.2/Build/CMakeFiles/3.19.1/CompilerIdC
    /Applications/Xcode.app/Contents/Developer/Toolchains/XcodeDefault.xctoolchain/usr/bin/clang -target x86_64-apple-macos10.15 -isysroot /Applications/Xcode.app/Contents/Developer/Platforms/MacOSX.platform/Developer/SDKs/MacOSX10.15.sdk -L/Users/hexk/Desktop/glfw-3.3.2/Build/CMakeFiles/3.19.1/CompilerIdC -F/Users/hexk/Desktop/glfw-3.3.2/Build/CMakeFiles/3.19.1/CompilerIdC -filelist /Users/hexk/Desktop/glfw-3.3.2/Build/CMakeFiles/3.19.1/CompilerIdC/CompilerIdC.build/Debug/CompilerIdC.build/Objects-normal/x86_64/CompilerIdC.LinkFileList -Xlinker -object_path_lto -Xlinker /Users/hexk/Desktop/glfw-3.3.2/Build/CMakeFiles/3.19.1/CompilerIdC/CompilerIdC.build/Debug/CompilerIdC.build/Objects-normal/x86_64/CompilerIdC_lto.o -Xlinker -dependency_info -Xlinker /Users/hexk/Desktop/glfw-3.3.2/Build/CMakeFiles/3.19.1/CompilerIdC/CompilerIdC.build/Debug/CompilerIdC.build/Objects-normal/x86_64/CompilerIdC_dependency_info.dat -o /Users/hexk/Desktop/glfw-3.3.2/Build/CMakeFiles/3.19.1/CompilerIdC/CompilerIdC

WriteAuxiliaryFile /Users/hexk/Desktop/glfw-3.3.2/Build/CMakeFiles/3.19.1/CompilerIdC/CompilerIdC.build/Debug/CompilerIdC.build/Script-2C8FEB8E15DC1A1A00E56A5D.sh (in target 'CompilerIdC' from project 'CompilerIdC')
    cd /Users/hexk/Desktop/glfw-3.3.2/Build/CMakeFiles/3.19.1/CompilerIdC
    write-file /Users/hexk/Desktop/glfw-3.3.2/Build/CMakeFiles/3.19.1/CompilerIdC/CompilerIdC.build/Debug/CompilerIdC.build/Script-2C8FEB8E15DC1A1A00E56A5D.sh

PhaseScriptExecution Run\ Script /Users/hexk/Desktop/glfw-3.3.2/Build/CMakeFiles/3.19.1/CompilerIdC/CompilerIdC.build/Debug/CompilerIdC.build/Script-2C8FEB8E15DC1A1A00E56A5D.sh (in target 'CompilerIdC' from project 'CompilerIdC')
    cd /Users/hexk/Desktop/glfw-3.3.2/Build/CMakeFiles/3.19.1/CompilerIdC
    /bin/sh -c /Users/hexk/Desktop/glfw-3.3.2/Build/CMakeFiles/3.19.1/CompilerIdC/CompilerIdC.build/Debug/CompilerIdC.build/Script-2C8FEB8E15DC1A1A00E56A5D.sh
GCC_VERSION=com.apple.compilers.llvm.clang.1_0
ARCHS=x86_64

RegisterExecutionPolicyException /Users/hexk/Desktop/glfw-3.3.2/Build/CMakeFiles/3.19.1/CompilerIdC/CompilerIdC (in target 'CompilerIdC' from project 'CompilerIdC')
    cd /Users/hexk/Desktop/glfw-3.3.2/Build/CMakeFiles/3.19.1/CompilerIdC
    builtin-RegisterExecutionPolicyException /Users/hexk/Desktop/glfw-3.3.2/Build/CMakeFiles/3.19.1/CompilerIdC/CompilerIdC
note: Execution policy exception registration failed and was skipped: Error Domain=NSPOSIXErrorDomain Code=1 "Operation not permitted" (in target 'CompilerIdC' from project 'CompilerIdC')

** BUILD SUCCEEDED ** [1.353 sec]



Compilation of the C compiler identification source "CMakeCCompilerId.c" produced "CompilerIdC"

The C compiler identification is AppleClang, found in "/Users/hexk/Desktop/glfw-3.3.2/Build/CMakeFiles/3.19.1/CompilerIdC/CompilerIdC"

Detecting C compiler ABI info compiled with the following output:
Change Dir: /Users/hexk/Desktop/glfw-3.3.2/Build/CMakeFiles/CMakeTmp

Run Build Command(s):/usr/bin/xcodebuild -project CMAKE_TRY_COMPILE.xcodeproj build -target cmTC_23f41 -configuration Debug -hideShellScriptEnvironment && Command line invocation:
    /Applications/Xcode.app/Contents/Developer/usr/bin/xcodebuild -project CMAKE_TRY_COMPILE.xcodeproj build -target cmTC_23f41 -configuration Debug -hideShellScriptEnvironment

User defaults from command line:
    HideShellScriptEnvironment = YES

Prepare build
note: Using legacy build system
=== BUILD TARGET cmTC_23f41 OF PROJECT CMAKE_TRY_COMPILE WITH CONFIGURATION Debug ===

Check dependencies

Write auxiliary files
/bin/mkdir -p /Users/hexk/Desktop/glfw-3.3.2/Build/CMakeFiles/CMakeTmp/CMAKE_TRY_COMPILE.build/Debug/cmTC_23f41.build/Objects-normal/x86_64
write-file /Users/hexk/Desktop/glfw-3.3.2/Build/CMakeFiles/CMakeTmp/CMAKE_TRY_COMPILE.build/Debug/cmTC_23f41.build/Objects-normal/x86_64/cmTC_23f41.LinkFileList

CompileC CMAKE_TRY_COMPILE.build/Debug/cmTC_23f41.build/Objects-normal/x86_64/CMakeCCompilerABI.o /Applications/CMake.app/Contents/share/cmake-3.19/Modules/CMakeCCompilerABI.c normal x86_64 c com.apple.compilers.llvm.clang.1_0.compiler
    cd /Users/hexk/Desktop/glfw-3.3.2/Build/CMakeFiles/CMakeTmp
    /Applications/Xcode.app/Contents/Developer/Toolchains/XcodeDefault.xctoolchain/usr/bin/clang -x c -target x86_64-apple-macos10.15 -fmessage-length=0 -fdiagnostics-show-note-include-stack -fmacro-backtrace-limit=0 -Wno-trigraphs -fpascal-strings -O0 -Wno-missing-field-initializers -Wno-missing-prototypes -Wno-return-type -Wno-missing-braces -Wparentheses -Wswitch -Wno-unused-function -Wno-unused-label -Wno-unused-parameter -Wno-unused-variable -Wunused-value -Wno-empty-body -Wno-uninitialized -Wno-unknown-pragmas -Wno-shadow -Wno-four-char-constants -Wno-conversion -Wno-constant-conversion -Wno-int-conversion -Wno-bool-conversion -Wno-enum-conversion -Wno-float-conversion -Wno-non-literal-null-conversion -Wno-objc-literal-conversion -Wno-shorten-64-to-32 -Wpointer-sign -Wno-newline-eof -DCMAKE_INTDIR=\"Debug\" -isysroot /Applications/Xcode.app/Contents/Developer/Platforms/MacOSX.platform/Developer/SDKs/MacOSX10.15.sdk -fasm-blocks -fstrict-aliasing -Wdeprecated-declarations -g -Wno-sign-conversion -Wno-infinite-recursion -Wno-comma -Wno-block-capture-autoreleasing -Wno-strict-prototypes -Wno-semicolon-before-method-body -I/Users/hexk/Desktop/glfw-3.3.2/Build/CMakeFiles/CMakeTmp/Debug/include -I/Users/hexk/Desktop/glfw-3.3.2/Build/CMakeFiles/CMakeTmp/CMAKE_TRY_COMPILE.build/Debug/cmTC_23f41.build/DerivedSources-normal/x86_64 -I/Users/hexk/Desktop/glfw-3.3.2/Build/CMakeFiles/CMakeTmp/CMAKE_TRY_COMPILE.build/Debug/cmTC_23f41.build/DerivedSources/x86_64 -I/Users/hexk/Desktop/glfw-3.3.2/Build/CMakeFiles/CMakeTmp/CMAKE_TRY_COMPILE.build/Debug/cmTC_23f41.build/DerivedSources -F/Users/hexk/Desktop/glfw-3.3.2/Build/CMakeFiles/CMakeTmp/Debug -v -Wl,-v -MMD -MT dependencies -MF /Users/hexk/Desktop/glfw-3.3.2/Build/CMakeFiles/CMakeTmp/CMAKE_TRY_COMPILE.build/Debug/cmTC_23f41.build/Objects-normal/x86_64/CMakeCCompilerABI.d --serialize-diagnostics /Users/hexk/Desktop/glfw-3.3.2/Build/CMakeFiles/CMakeTmp/CMAKE_TRY_COMPILE.build/Debug/cmTC_23f41.build/Objects-normal/x86_64/CMakeCCompilerABI.dia -c /Applications/CMake.app/Contents/share/cmake-3.19/Modules/CMakeCCompilerABI.c -o /Users/hexk/Desktop/glfw-3.3.2/Build/CMakeFiles/CMakeTmp/CMAKE_TRY_COMPILE.build/Debug/cmTC_23f41.build/Objects-normal/x86_64/CMakeCCompilerABI.o
Apple clang version 11.0.3 (clang-1103.0.32.62)
Target: x86_64-apple-macos10.15
Thread model: posix
InstalledDir: /Applications/Xcode.app/Contents/Developer/Toolchains/XcodeDefault.xctoolchain/usr/bin
clang: warning: -Wl,-v: 'linker' input unused [-Wunused-command-line-argument]
 "/Applications/Xcode.app/Contents/Developer/Toolchains/XcodeDefault.xctoolchain/usr/bin/clang" -cc1 -triple x86_64-apple-macosx10.15.0 -Wdeprecated-objc-isa-usage -Werror=deprecated-objc-isa-usage -emit-obj -mrelax-all -disable-free -disable-llvm-verifier -discard-value-names -main-file-name CMakeCCompilerABI.c -mrelocation-model pic -pic-level 2 -mthread-model posix -mframe-pointer=all -fno-strict-return -masm-verbose -munwind-tables -target-sdk-version=10.15.6 -target-cpu penryn -dwarf-column-info -debug-info-kind=standalone -dwarf-version=4 -debugger-tuning=lldb -target-linker-version 556.6 -v -coverage-notes-file /Users/hexk/Desktop/glfw-3.3.2/Build/CMakeFiles/CMakeTmp/CMAKE_TRY_COMPILE.build/Debug/cmTC_23f41.build/Objects-normal/x86_64/CMakeCCompilerABI.gcno -resource-dir /Applications/Xcode.app/Contents/Developer/Toolchains/XcodeDefault.xctoolchain/usr/lib/clang/11.0.3 -dependency-file /Users/hexk/Desktop/glfw-3.3.2/Build/CMakeFiles/CMakeTmp/CMAKE_TRY_COMPILE.build/Debug/cmTC_23f41.build/Objects-normal/x86_64/CMakeCCompilerABI.d -skip-unused-modulemap-deps -MT dependencies -isysroot /Applications/Xcode.app/Contents/Developer/Platforms/MacOSX.platform/Developer/SDKs/MacOSX10.15.sdk -D "CMAKE_INTDIR=\"Debug\"" -I /Users/hexk/Desktop/glfw-3.3.2/Build/CMakeFiles/CMakeTmp/Debug/include -I /Users/hexk/Desktop/glfw-3.3.2/Build/CMakeFiles/CMakeTmp/CMAKE_TRY_COMPILE.build/Debug/cmTC_23f41.build/DerivedSources-normal/x86_64 -I /Users/hexk/Desktop/glfw-3.3.2/Build/CMakeFiles/CMakeTmp/CMAKE_TRY_COMPILE.build/Debug/cmTC_23f41.build/DerivedSources/x86_64 -I /Users/hexk/Desktop/glfw-3.3.2/Build/CMakeFiles/CMakeTmp/CMAKE_TRY_COMPILE.build/Debug/cmTC_23f41.build/DerivedSources -F/Users/hexk/Desktop/glfw-3.3.2/Build/CMakeFiles/CMakeTmp/Debug -internal-isystem /Applications/Xcode.app/Contents/Developer/Platforms/MacOSX.platform/Developer/SDKs/MacOSX10.15.sdk/usr/local/include -internal-isystem /Applications/Xcode.app/Contents/Developer/Toolchains/XcodeDefault.xctoolchain/usr/lib/clang/11.0.3/include -internal-externc-isystem /Applications/Xcode.app/Contents/Developer/Platforms/MacOSX.platform/Developer/SDKs/MacOSX10.15.sdk/usr/include -internal-externc-isystem /Applications/Xcode.app/Contents/Developer/Toolchains/XcodeDefault.xctoolchain/usr/include -O0 -Wno-trigraphs -Wno-missing-field-initializers -Wno-missing-prototypes -Wno-return-type -Wno-missing-braces -Wparentheses -Wswitch -Wno-unused-function -Wno-unused-label -Wno-unused-parameter -Wno-unused-variable -Wunused-value -Wno-empty-body -Wno-uninitialized -Wno-unknown-pragmas -Wno-shadow -Wno-four-char-constants -Wno-conversion -Wno-constant-conversion -Wno-int-conversion -Wno-bool-conversion -Wno-enum-conversion -Wno-float-conversion -Wno-non-literal-null-conversion -Wno-objc-literal-conversion -Wno-shorten-64-to-32 -Wpointer-sign -Wno-newline-eof -Wdeprecated-declarations -Wno-sign-conversion -Wno-infinite-recursion -Wno-comma -Wno-block-capture-autoreleasing -Wno-strict-prototypes -Wno-semicolon-before-method-body -Wno-objc-signed-char-bool-implicit-int-conversion -Wno-extra-semi-stmt -Wno-quoted-include-in-framework-header -fdebug-compilation-dir /Users/hexk/Desktop/glfw-3.3.2/Build/CMakeFiles/CMakeTmp -ferror-limit 19 -fmacro-backtrace-limit 0 -fmessage-length 0 -stack-protector 1 -fstack-check -mdarwin-stkchk-strong-link -fblocks -fencode-extended-block-signature -fregister-global-dtors-with-atexit -fobjc-runtime=macosx-10.15.0 -fpascal-strings -fmax-type-align=16 -fdiagnostics-show-option -fdiagnostics-show-note-include-stack -fasm-blocks -serialize-diagnostic-file /Users/hexk/Desktop/glfw-3.3.2/Build/CMakeFiles/CMakeTmp/CMAKE_TRY_COMPILE.build/Debug/cmTC_23f41.build/Objects-normal/x86_64/CMakeCCompilerABI.dia -o /Users/hexk/Desktop/glfw-3.3.2/Build/CMakeFiles/CMakeTmp/CMAKE_TRY_COMPILE.build/Debug/cmTC_23f41.build/Objects-normal/x86_64/CMakeCCompilerABI.o -x c /Applications/CMake.app/Contents/share/cmake-3.19/Modules/CMakeCCompilerABI.c
clang -cc1 version 11.0.3 (clang-1103.0.32.62) default target x86_64-apple-darwin20.1.0
ignoring nonexistent directory "/Users/hexk/Desktop/glfw-3.3.2/Build/CMakeFiles/CMakeTmp/Debug/include"
ignoring nonexistent directory "/Users/hexk/Desktop/glfw-3.3.2/Build/CMakeFiles/CMakeTmp/CMAKE_TRY_COMPILE.build/Debug/cmTC_23f41.build/DerivedSources-normal/x86_64"
ignoring nonexistent directory "/Users/hexk/Desktop/glfw-3.3.2/Build/CMakeFiles/CMakeTmp/CMAKE_TRY_COMPILE.build/Debug/cmTC_23f41.build/DerivedSources/x86_64"
ignoring nonexistent directory "/Users/hexk/Desktop/glfw-3.3.2/Build/CMakeFiles/CMakeTmp/CMAKE_TRY_COMPILE.build/Debug/cmTC_23f41.build/DerivedSources"
ignoring nonexistent directory "/Users/hexk/Desktop/glfw-3.3.2/Build/CMakeFiles/CMakeTmp/Debug"
ignoring nonexistent directory "/Applications/Xcode.app/Contents/Developer/Platforms/MacOSX.platform/Developer/SDKs/MacOSX10.15.sdk/usr/local/include"
ignoring nonexistent directory "/Applications/Xcode.app/Contents/Developer/Platforms/MacOSX.platform/Developer/SDKs/MacOSX10.15.sdk/Library/Frameworks"
#include "..." search starts here:
#include <...> search starts here:
 /Applications/Xcode.app/Contents/Developer/Toolchains/XcodeDefault.xctoolchain/usr/lib/clang/11.0.3/include
 /Applications/Xcode.app/Contents/Developer/Platforms/MacOSX.platform/Developer/SDKs/MacOSX10.15.sdk/usr/include
 /Applications/Xcode.app/Contents/Developer/Toolchains/XcodeDefault.xctoolchain/usr/include
 /Applications/Xcode.app/Contents/Developer/Platforms/MacOSX.platform/Developer/SDKs/MacOSX10.15.sdk/System/Library/Frameworks (framework directory)
End of search list.

Ld Debug/cmTC_23f41 normal x86_64
    cd /Users/hexk/Desktop/glfw-3.3.2/Build/CMakeFiles/CMakeTmp
    /Applications/Xcode.app/Contents/Developer/Toolchains/XcodeDefault.xctoolchain/usr/bin/clang -target x86_64-apple-macos10.15 -isysroot /Applications/Xcode.app/Contents/Developer/Platforms/MacOSX.platform/Developer/SDKs/MacOSX10.15.sdk -L/Users/hexk/Desktop/glfw-3.3.2/Build/CMakeFiles/CMakeTmp/Debug -F/Users/hexk/Desktop/glfw-3.3.2/Build/CMakeFiles/CMakeTmp/Debug -filelist /Users/hexk/Desktop/glfw-3.3.2/Build/CMakeFiles/CMakeTmp/CMAKE_TRY_COMPILE.build/Debug/cmTC_23f41.build/Objects-normal/x86_64/cmTC_23f41.LinkFileList -Xlinker -object_path_lto -Xlinker /Users/hexk/Desktop/glfw-3.3.2/Build/CMakeFiles/CMakeTmp/CMAKE_TRY_COMPILE.build/Debug/cmTC_23f41.build/Objects-normal/x86_64/cmTC_23f41_lto.o -Xlinker -no_deduplicate -v -Wl,-v -Wl,-search_paths_first -Wl,-headerpad_max_install_names -Xlinker -dependency_info -Xlinker /Users/hexk/Desktop/glfw-3.3.2/Build/CMakeFiles/CMakeTmp/CMAKE_TRY_COMPILE.build/Debug/cmTC_23f41.build/Objects-normal/x86_64/cmTC_23f41_dependency_info.dat -o /Users/hexk/Desktop/glfw-3.3.2/Build/CMakeFiles/CMakeTmp/Debug/cmTC_23f41
Apple clang version 11.0.3 (clang-1103.0.32.62)
Target: x86_64-apple-macos10.15
Thread model: posix
InstalledDir: /Applications/Xcode.app/Contents/Developer/Toolchains/XcodeDefault.xctoolchain/usr/bin
 "/Applications/Xcode.app/Contents/Developer/Toolchains/XcodeDefault.xctoolchain/usr/bin/ld" -demangle -lto_library /Applications/Xcode.app/Contents/Developer/Toolchains/XcodeDefault.xctoolchain/usr/lib/libLTO.dylib -dynamic -arch x86_64 -platform_version macos 10.15.0 10.15.6 -syslibroot /Applications/Xcode.app/Contents/Developer/Platforms/MacOSX.platform/Developer/SDKs/MacOSX10.15.sdk -o /Users/hexk/Desktop/glfw-3.3.2/Build/CMakeFiles/CMakeTmp/Debug/cmTC_23f41 -L/Users/hexk/Desktop/glfw-3.3.2/Build/CMakeFiles/CMakeTmp/Debug -filelist /Users/hexk/Desktop/glfw-3.3.2/Build/CMakeFiles/CMakeTmp/CMAKE_TRY_COMPILE.build/Debug/cmTC_23f41.build/Objects-normal/x86_64/cmTC_23f41.LinkFileList -object_path_lto /Users/hexk/Desktop/glfw-3.3.2/Build/CMakeFiles/CMakeTmp/CMAKE_TRY_COMPILE.build/Debug/cmTC_23f41.build/Objects-normal/x86_64/cmTC_23f41_lto.o -no_deduplicate -v -search_paths_first -headerpad_max_install_names -dependency_info /Users/hexk/Desktop/glfw-3.3.2/Build/CMakeFiles/CMakeTmp/CMAKE_TRY_COMPILE.build/Debug/cmTC_23f41.build/Objects-normal/x86_64/cmTC_23f41_dependency_info.dat -lSystem /Applications/Xcode.app/Contents/Developer/Toolchains/XcodeDefault.xctoolchain/usr/lib/clang/11.0.3/lib/darwin/libclang_rt.osx.a -F/Users/hexk/Desktop/glfw-3.3.2/Build/CMakeFiles/CMakeTmp/Debug
@(#)PROGRAM:ld  PROJECT:ld64-556.6
BUILD 20:21:07 Aug  6 2020
configured to support archs: armv6 armv7 armv7s arm64 arm64e arm64_32 i386 x86_64 x86_64h armv6m armv7k armv7m armv7em
Library search paths:
	/Users/hexk/Desktop/glfw-3.3.2/Build/CMakeFiles/CMakeTmp/Debug
	/Applications/Xcode.app/Contents/Developer/Platforms/MacOSX.platform/Developer/SDKs/MacOSX10.15.sdk/usr/lib
Framework search paths:
	/Users/hexk/Desktop/glfw-3.3.2/Build/CMakeFiles/CMakeTmp/Debug
	/Applications/Xcode.app/Contents/Developer/Platforms/MacOSX.platform/Developer/SDKs/MacOSX10.15.sdk/System/Library/Frameworks/

** BUILD SUCCEEDED ** [0.204 sec]




Parsed C implicit include dir info from above output: rv=done
  found start of include info
  found start of implicit include info
    add: [/Applications/Xcode.app/Contents/Developer/Toolchains/XcodeDefault.xctoolchain/usr/lib/clang/11.0.3/include]
    add: [/Applications/Xcode.app/Contents/Developer/Platforms/MacOSX.platform/Developer/SDKs/MacOSX10.15.sdk/usr/include]
    add: [/Applications/Xcode.app/Contents/Developer/Toolchains/XcodeDefault.xctoolchain/usr/include]
  end of search list found
  collapse include dir [/Applications/Xcode.app/Contents/Developer/Toolchains/XcodeDefault.xctoolchain/usr/lib/clang/11.0.3/include] ==> [/Applications/Xcode.app/Contents/Developer/Toolchains/XcodeDefault.xctoolchain/usr/lib/clang/11.0.3/include]
  collapse include dir [/Applications/Xcode.app/Contents/Developer/Platforms/MacOSX.platform/Developer/SDKs/MacOSX10.15.sdk/usr/include] ==> [/Applications/Xcode.app/Contents/Developer/Platforms/MacOSX.platform/Developer/SDKs/MacOSX10.15.sdk/usr/include]
  collapse include dir [/Applications/Xcode.app/Contents/Developer/Toolchains/XcodeDefault.xctoolchain/usr/include] ==> [/Applications/Xcode.app/Contents/Developer/Toolchains/XcodeDefault.xctoolchain/usr/include]
  implicit include dirs: [/Applications/Xcode.app/Contents/Developer/Toolchains/XcodeDefault.xctoolchain/usr/lib/clang/11.0.3/include;/Applications/Xcode.app/Contents/Developer/Platforms/MacOSX.platform/Developer/SDKs/MacOSX10.15.sdk/usr/include;/Applications/Xcode.app/Contents/Developer/Toolchains/XcodeDefault.xctoolchain/usr/include]


Parsed C implicit link information from above output:
  link line regex: [^( *|.*[/\])(ld|CMAKE_LINK_STARTFILE-NOTFOUND|([^/\]+-)?ld|collect2)[^/\]*( |$)]
  ignore line: [Change Dir: /Users/hexk/Desktop/glfw-3.3.2/Build/CMakeFiles/CMakeTmp]
  ignore line: []
  ignore line: [Run Build Command(s):/usr/bin/xcodebuild -project CMAKE_TRY_COMPILE.xcodeproj build -target cmTC_23f41 -configuration Debug -hideShellScriptEnvironment && Command line invocation:]
  ignore line: [    /Applications/Xcode.app/Contents/Developer/usr/bin/xcodebuild -project CMAKE_TRY_COMPILE.xcodeproj build -target cmTC_23f41 -configuration Debug -hideShellScriptEnvironment]
  ignore line: []
  ignore line: [User defaults from command line:]
  ignore line: [    HideShellScriptEnvironment = YES]
  ignore line: []
  ignore line: [Prepare build]
  ignore line: [note: Using legacy build system]
  ignore line: [=== BUILD TARGET cmTC_23f41 OF PROJECT CMAKE_TRY_COMPILE WITH CONFIGURATION Debug ===]
  ignore line: []
  ignore line: [Check dependencies]
  ignore line: []
  ignore line: [Write auxiliary files]
  ignore line: [/bin/mkdir -p /Users/hexk/Desktop/glfw-3.3.2/Build/CMakeFiles/CMakeTmp/CMAKE_TRY_COMPILE.build/Debug/cmTC_23f41.build/Objects-normal/x86_64]
  ignore line: [write-file /Users/hexk/Desktop/glfw-3.3.2/Build/CMakeFiles/CMakeTmp/CMAKE_TRY_COMPILE.build/Debug/cmTC_23f41.build/Objects-normal/x86_64/cmTC_23f41.LinkFileList]
  ignore line: []
  ignore line: [CompileC CMAKE_TRY_COMPILE.build/Debug/cmTC_23f41.build/Objects-normal/x86_64/CMakeCCompilerABI.o /Applications/CMake.app/Contents/share/cmake-3.19/Modules/CMakeCCompilerABI.c normal x86_64 c com.apple.compilers.llvm.clang.1_0.compiler]
  ignore line: [    cd /Users/hexk/Desktop/glfw-3.3.2/Build/CMakeFiles/CMakeTmp]
  ignore line: [    /Applications/Xcode.app/Contents/Developer/Toolchains/XcodeDefault.xctoolchain/usr/bin/clang -x c -target x86_64-apple-macos10.15 -fmessage-length=0 -fdiagnostics-show-note-include-stack -fmacro-backtrace-limit=0 -Wno-trigraphs -fpascal-strings -O0 -Wno-missing-field-initializers -Wno-missing-prototypes -Wno-return-type -Wno-missing-braces -Wparentheses -Wswitch -Wno-unused-function -Wno-unused-label -Wno-unused-parameter -Wno-unused-variable -Wunused-value -Wno-empty-body -Wno-uninitialized -Wno-unknown-pragmas -Wno-shadow -Wno-four-char-constants -Wno-conversion -Wno-constant-conversion -Wno-int-conversion -Wno-bool-conversion -Wno-enum-conversion -Wno-float-conversion -Wno-non-literal-null-conversion -Wno-objc-literal-conversion -Wno-shorten-64-to-32 -Wpointer-sign -Wno-newline-eof -DCMAKE_INTDIR=\"Debug\" -isysroot /Applications/Xcode.app/Contents/Developer/Platforms/MacOSX.platform/Developer/SDKs/MacOSX10.15.sdk -fasm-blocks -fstrict-aliasing -Wdeprecated-declarations -g -Wno-sign-conversion -Wno-infinite-recursion -Wno-comma -Wno-block-capture-autoreleasing -Wno-strict-prototypes -Wno-semicolon-before-method-body -I/Users/hexk/Desktop/glfw-3.3.2/Build/CMakeFiles/CMakeTmp/Debug/include -I/Users/hexk/Desktop/glfw-3.3.2/Build/CMakeFiles/CMakeTmp/CMAKE_TRY_COMPILE.build/Debug/cmTC_23f41.build/DerivedSources-normal/x86_64 -I/Users/hexk/Desktop/glfw-3.3.2/Build/CMakeFiles/CMakeTmp/CMAKE_TRY_COMPILE.build/Debug/cmTC_23f41.build/DerivedSources/x86_64 -I/Users/hexk/Desktop/glfw-3.3.2/Build/CMakeFiles/CMakeTmp/CMAKE_TRY_COMPILE.build/Debug/cmTC_23f41.build/DerivedSources -F/Users/hexk/Desktop/glfw-3.3.2/Build/CMakeFiles/CMakeTmp/Debug -v -Wl -v -MMD -MT dependencies -MF /Users/hexk/Desktop/glfw-3.3.2/Build/CMakeFiles/CMakeTmp/CMAKE_TRY_COMPILE.build/Debug/cmTC_23f41.build/Objects-normal/x86_64/CMakeCCompilerABI.d --serialize-diagnostics /Users/hexk/Desktop/glfw-3.3.2/Build/CMakeFiles/CMakeTmp/CMAKE_TRY_COMPILE.build/Debug/cmTC_23f41.build/Objects-normal/x86_64/CMakeCCompilerABI.dia -c /Applications/CMake.app/Contents/share/cmake-3.19/Modules/CMakeCCompilerABI.c -o /Users/hexk/Desktop/glfw-3.3.2/Build/CMakeFiles/CMakeTmp/CMAKE_TRY_COMPILE.build/Debug/cmTC_23f41.build/Objects-normal/x86_64/CMakeCCompilerABI.o]
  ignore line: [Apple clang version 11.0.3 (clang-1103.0.32.62)]
  ignore line: [Target: x86_64-apple-macos10.15]
  ignore line: [Thread model: posix]
  ignore line: [InstalledDir: /Applications/Xcode.app/Contents/Developer/Toolchains/XcodeDefault.xctoolchain/usr/bin]
  ignore line: [clang: warning: -Wl -v: 'linker' input unused [-Wunused-command-line-argument]]
  ignore line: [ "/Applications/Xcode.app/Contents/Developer/Toolchains/XcodeDefault.xctoolchain/usr/bin/clang" -cc1 -triple x86_64-apple-macosx10.15.0 -Wdeprecated-objc-isa-usage -Werror=deprecated-objc-isa-usage -emit-obj -mrelax-all -disable-free -disable-llvm-verifier -discard-value-names -main-file-name CMakeCCompilerABI.c -mrelocation-model pic -pic-level 2 -mthread-model posix -mframe-pointer=all -fno-strict-return -masm-verbose -munwind-tables -target-sdk-version=10.15.6 -target-cpu penryn -dwarf-column-info -debug-info-kind=standalone -dwarf-version=4 -debugger-tuning=lldb -target-linker-version 556.6 -v -coverage-notes-file /Users/hexk/Desktop/glfw-3.3.2/Build/CMakeFiles/CMakeTmp/CMAKE_TRY_COMPILE.build/Debug/cmTC_23f41.build/Objects-normal/x86_64/CMakeCCompilerABI.gcno -resource-dir /Applications/Xcode.app/Contents/Developer/Toolchains/XcodeDefault.xctoolchain/usr/lib/clang/11.0.3 -dependency-file /Users/hexk/Desktop/glfw-3.3.2/Build/CMakeFiles/CMakeTmp/CMAKE_TRY_COMPILE.build/Debug/cmTC_23f41.build/Objects-normal/x86_64/CMakeCCompilerABI.d -skip-unused-modulemap-deps -MT dependencies -isysroot /Applications/Xcode.app/Contents/Developer/Platforms/MacOSX.platform/Developer/SDKs/MacOSX10.15.sdk -D "CMAKE_INTDIR=\"Debug\"" -I /Users/hexk/Desktop/glfw-3.3.2/Build/CMakeFiles/CMakeTmp/Debug/include -I /Users/hexk/Desktop/glfw-3.3.2/Build/CMakeFiles/CMakeTmp/CMAKE_TRY_COMPILE.build/Debug/cmTC_23f41.build/DerivedSources-normal/x86_64 -I /Users/hexk/Desktop/glfw-3.3.2/Build/CMakeFiles/CMakeTmp/CMAKE_TRY_COMPILE.build/Debug/cmTC_23f41.build/DerivedSources/x86_64 -I /Users/hexk/Desktop/glfw-3.3.2/Build/CMakeFiles/CMakeTmp/CMAKE_TRY_COMPILE.build/Debug/cmTC_23f41.build/DerivedSources -F/Users/hexk/Desktop/glfw-3.3.2/Build/CMakeFiles/CMakeTmp/Debug -internal-isystem /Applications/Xcode.app/Contents/Developer/Platforms/MacOSX.platform/Developer/SDKs/MacOSX10.15.sdk/usr/local/include -internal-isystem /Applications/Xcode.app/Contents/Developer/Toolchains/XcodeDefault.xctoolchain/usr/lib/clang/11.0.3/include -internal-externc-isystem /Applications/Xcode.app/Contents/Developer/Platforms/MacOSX.platform/Developer/SDKs/MacOSX10.15.sdk/usr/include -internal-externc-isystem /Applications/Xcode.app/Contents/Developer/Toolchains/XcodeDefault.xctoolchain/usr/include -O0 -Wno-trigraphs -Wno-missing-field-initializers -Wno-missing-prototypes -Wno-return-type -Wno-missing-braces -Wparentheses -Wswitch -Wno-unused-function -Wno-unused-label -Wno-unused-parameter -Wno-unused-variable -Wunused-value -Wno-empty-body -Wno-uninitialized -Wno-unknown-pragmas -Wno-shadow -Wno-four-char-constants -Wno-conversion -Wno-constant-conversion -Wno-int-conversion -Wno-bool-conversion -Wno-enum-conversion -Wno-float-conversion -Wno-non-literal-null-conversion -Wno-objc-literal-conversion -Wno-shorten-64-to-32 -Wpointer-sign -Wno-newline-eof -Wdeprecated-declarations -Wno-sign-conversion -Wno-infinite-recursion -Wno-comma -Wno-block-capture-autoreleasing -Wno-strict-prototypes -Wno-semicolon-before-method-body -Wno-objc-signed-char-bool-implicit-int-conversion -Wno-extra-semi-stmt -Wno-quoted-include-in-framework-header -fdebug-compilation-dir /Users/hexk/Desktop/glfw-3.3.2/Build/CMakeFiles/CMakeTmp -ferror-limit 19 -fmacro-backtrace-limit 0 -fmessage-length 0 -stack-protector 1 -fstack-check -mdarwin-stkchk-strong-link -fblocks -fencode-extended-block-signature -fregister-global-dtors-with-atexit -fobjc-runtime=macosx-10.15.0 -fpascal-strings -fmax-type-align=16 -fdiagnostics-show-option -fdiagnostics-show-note-include-stack -fasm-blocks -serialize-diagnostic-file /Users/hexk/Desktop/glfw-3.3.2/Build/CMakeFiles/CMakeTmp/CMAKE_TRY_COMPILE.build/Debug/cmTC_23f41.build/Objects-normal/x86_64/CMakeCCompilerABI.dia -o /Users/hexk/Desktop/glfw-3.3.2/Build/CMakeFiles/CMakeTmp/CMAKE_TRY_COMPILE.build/Debug/cmTC_23f41.build/Objects-normal/x86_64/CMakeCCompilerABI.o -x c /Applications/CMake.app/Contents/share/cmake-3.19/Modules/CMakeCCompilerABI.c]
  ignore line: [clang -cc1 version 11.0.3 (clang-1103.0.32.62) default target x86_64-apple-darwin20.1.0]
  ignore line: [ignoring nonexistent directory "/Users/hexk/Desktop/glfw-3.3.2/Build/CMakeFiles/CMakeTmp/Debug/include"]
  ignore line: [ignoring nonexistent directory "/Users/hexk/Desktop/glfw-3.3.2/Build/CMakeFiles/CMakeTmp/CMAKE_TRY_COMPILE.build/Debug/cmTC_23f41.build/DerivedSources-normal/x86_64"]
  ignore line: [ignoring nonexistent directory "/Users/hexk/Desktop/glfw-3.3.2/Build/CMakeFiles/CMakeTmp/CMAKE_TRY_COMPILE.build/Debug/cmTC_23f41.build/DerivedSources/x86_64"]
  ignore line: [ignoring nonexistent directory "/Users/hexk/Desktop/glfw-3.3.2/Build/CMakeFiles/CMakeTmp/CMAKE_TRY_COMPILE.build/Debug/cmTC_23f41.build/DerivedSources"]
  ignore line: [ignoring nonexistent directory "/Users/hexk/Desktop/glfw-3.3.2/Build/CMakeFiles/CMakeTmp/Debug"]
  ignore line: [ignoring nonexistent directory "/Applications/Xcode.app/Contents/Developer/Platforms/MacOSX.platform/Developer/SDKs/MacOSX10.15.sdk/usr/local/include"]
  ignore line: [ignoring nonexistent directory "/Applications/Xcode.app/Contents/Developer/Platforms/MacOSX.platform/Developer/SDKs/MacOSX10.15.sdk/Library/Frameworks"]
  ignore line: [#include "..." search starts here:]
  ignore line: [#include <...> search starts here:]
  ignore line: [ /Applications/Xcode.app/Contents/Developer/Toolchains/XcodeDefault.xctoolchain/usr/lib/clang/11.0.3/include]
  ignore line: [ /Applications/Xcode.app/Contents/Developer/Platforms/MacOSX.platform/Developer/SDKs/MacOSX10.15.sdk/usr/include]
  ignore line: [ /Applications/Xcode.app/Contents/Developer/Toolchains/XcodeDefault.xctoolchain/usr/include]
  ignore line: [ /Applications/Xcode.app/Contents/Developer/Platforms/MacOSX.platform/Developer/SDKs/MacOSX10.15.sdk/System/Library/Frameworks (framework directory)]
  ignore line: [End of search list.]
  ignore line: []
  ignore line: [Ld Debug/cmTC_23f41 normal x86_64]
  ignore line: [    cd /Users/hexk/Desktop/glfw-3.3.2/Build/CMakeFiles/CMakeTmp]
  ignore line: [    /Applications/Xcode.app/Contents/Developer/Toolchains/XcodeDefault.xctoolchain/usr/bin/clang -target x86_64-apple-macos10.15 -isysroot /Applications/Xcode.app/Contents/Developer/Platforms/MacOSX.platform/Developer/SDKs/MacOSX10.15.sdk -L/Users/hexk/Desktop/glfw-3.3.2/Build/CMakeFiles/CMakeTmp/Debug -F/Users/hexk/Desktop/glfw-3.3.2/Build/CMakeFiles/CMakeTmp/Debug -filelist /Users/hexk/Desktop/glfw-3.3.2/Build/CMakeFiles/CMakeTmp/CMAKE_TRY_COMPILE.build/Debug/cmTC_23f41.build/Objects-normal/x86_64/cmTC_23f41.LinkFileList -Xlinker -object_path_lto -Xlinker /Users/hexk/Desktop/glfw-3.3.2/Build/CMakeFiles/CMakeTmp/CMAKE_TRY_COMPILE.build/Debug/cmTC_23f41.build/Objects-normal/x86_64/cmTC_23f41_lto.o -Xlinker -no_deduplicate -v -Wl -v -Wl -search_paths_first -Wl -headerpad_max_install_names -Xlinker -dependency_info -Xlinker /Users/hexk/Desktop/glfw-3.3.2/Build/CMakeFiles/CMakeTmp/CMAKE_TRY_COMPILE.build/Debug/cmTC_23f41.build/Objects-normal/x86_64/cmTC_23f41_dependency_info.dat -o /Users/hexk/Desktop/glfw-3.3.2/Build/CMakeFiles/CMakeTmp/Debug/cmTC_23f41]
  ignore line: [Apple clang version 11.0.3 (clang-1103.0.32.62)]
  ignore line: [Target: x86_64-apple-macos10.15]
  ignore line: [Thread model: posix]
  ignore line: [InstalledDir: /Applications/Xcode.app/Contents/Developer/Toolchains/XcodeDefault.xctoolchain/usr/bin]
  reduced line: [ "/Applications/Xcode.app/Contents/Developer/Toolchains/XcodeDefault.xctoolchain/usr/bin/ld" -demangle -lto_library /Applications/Xcode.app/Contents/Developer/Toolchains/XcodeDefault.xctoolchain/usr/lib/libLTO.dylib -dynamic -arch x86_64 -platform_version macos 10.15.0 10.15.6 -syslibroot /Applications/Xcode.app/Contents/Developer/Platforms/MacOSX.platform/Developer/SDKs/MacOSX10.15.sdk -o /Users/hexk/Desktop/glfw-3.3.2/Build/CMakeFiles/CMakeTmp/Debug/cmTC_23f41 -L/Users/hexk/Desktop/glfw-3.3.2/Build/CMakeFiles/CMakeTmp/Debug -filelist /Users/hexk/Desktop/glfw-3.3.2/Build/CMakeFiles/CMakeTmp/CMAKE_TRY_COMPILE.build/Debug/cmTC_23f41.build/Objects-normal/x86_64/cmTC_23f41.LinkFileList -object_path_lto /Users/hexk/Desktop/glfw-3.3.2/Build/CMakeFiles/CMakeTmp/CMAKE_TRY_COMPILE.build/Debug/cmTC_23f41.build/Objects-normal/x86_64/cmTC_23f41_lto.o -no_deduplicate -v -search_paths_first -headerpad_max_install_names -dependency_info /Users/hexk/Desktop/glfw-3.3.2/Build/CMakeFiles/CMakeTmp/CMAKE_TRY_COMPILE.build/Debug/cmTC_23f41.build/Objects-normal/x86_64/cmTC_23f41_dependency_info.dat -lSystem /Applications/Xcode.app/Contents/Developer/Toolchains/XcodeDefault.xctoolchain/usr/lib/clang/11.0.3/lib/darwin/libclang_rt.osx.a -F/Users/hexk/Desktop/glfw-3.3.2/Build/CMakeFiles/CMakeTmp/Debug]
            to: [ "/Applications/Xcode.app/Contents/Developer/Toolchains/XcodeDefault.xctoolchain/usr/bin/ld" -demangle -lto_library /Applications/Xcode.app/Contents/Developer/Toolchains/XcodeDefault.xctoolchain/usr/lib/libLTO.dylib -dynamic -arch x86_64 -platform_version macos 10.15.0 10.15.6 -syslibroot /Applications/Xcode.app/Contents/Developer/Platforms/MacOSX.platform/Developer/SDKs/MacOSX10.15.sdk -o /Users/hexk/Desktop/glfw-3.3.2/Build/CMakeFiles/CMakeTmp/Debug/cmTC_23f41 -filelist /Users/hexk/Desktop/glfw-3.3.2/Build/CMakeFiles/CMakeTmp/CMAKE_TRY_COMPILE.build/Debug/cmTC_23f41.build/Objects-normal/x86_64/cmTC_23f41.LinkFileList -object_path_lto /Users/hexk/Desktop/glfw-3.3.2/Build/CMakeFiles/CMakeTmp/CMAKE_TRY_COMPILE.build/Debug/cmTC_23f41.build/Objects-normal/x86_64/cmTC_23f41_lto.o -no_deduplicate -v -search_paths_first -headerpad_max_install_names -dependency_info /Users/hexk/Desktop/glfw-3.3.2/Build/CMakeFiles/CMakeTmp/CMAKE_TRY_COMPILE.build/Debug/cmTC_23f41.build/Objects-normal/x86_64/cmTC_23f41_dependency_info.dat -lSystem /Applications/Xcode.app/Contents/Developer/Toolchains/XcodeDefault.xctoolchain/usr/lib/clang/11.0.3/lib/darwin/libclang_rt.osx.a ]
  link line: [ "/Applications/Xcode.app/Contents/Developer/Toolchains/XcodeDefault.xctoolchain/usr/bin/ld" -demangle -lto_library /Applications/Xcode.app/Contents/Developer/Toolchains/XcodeDefault.xctoolchain/usr/lib/libLTO.dylib -dynamic -arch x86_64 -platform_version macos 10.15.0 10.15.6 -syslibroot /Applications/Xcode.app/Contents/Developer/Platforms/MacOSX.platform/Developer/SDKs/MacOSX10.15.sdk -o /Users/hexk/Desktop/glfw-3.3.2/Build/CMakeFiles/CMakeTmp/Debug/cmTC_23f41 -filelist /Users/hexk/Desktop/glfw-3.3.2/Build/CMakeFiles/CMakeTmp/CMAKE_TRY_COMPILE.build/Debug/cmTC_23f41.build/Objects-normal/x86_64/cmTC_23f41.LinkFileList -object_path_lto /Users/hexk/Desktop/glfw-3.3.2/Build/CMakeFiles/CMakeTmp/CMAKE_TRY_COMPILE.build/Debug/cmTC_23f41.build/Objects-normal/x86_64/cmTC_23f41_lto.o -no_deduplicate -v -search_paths_first -headerpad_max_install_names -dependency_info /Users/hexk/Desktop/glfw-3.3.2/Build/CMakeFiles/CMakeTmp/CMAKE_TRY_COMPILE.build/Debug/cmTC_23f41.build/Objects-normal/x86_64/cmTC_23f41_dependency_info.dat -lSystem /Applications/Xcode.app/Contents/Developer/Toolchains/XcodeDefault.xctoolchain/usr/lib/clang/11.0.3/lib/darwin/libclang_rt.osx.a ]
    arg [/Applications/Xcode.app/Contents/Developer/Toolchains/XcodeDefault.xctoolchain/usr/bin/ld] ==> ignore
    arg [-demangle] ==> ignore
    arg [-lto_library] ==> ignore, skip following value
    arg [/Applications/Xcode.app/Contents/Developer/Toolchains/XcodeDefault.xctoolchain/usr/lib/libLTO.dylib] ==> skip value of -lto_library
    arg [-dynamic] ==> ignore
    arg [-arch] ==> ignore
    arg [x86_64] ==> ignore
    arg [-platform_version] ==> ignore
    arg [macos] ==> ignore
    arg [10.15.0] ==> ignore
    arg [10.15.6] ==> ignore
    arg [-syslibroot] ==> ignore
    arg [/Applications/Xcode.app/Contents/Developer/Platforms/MacOSX.platform/Developer/SDKs/MacOSX10.15.sdk] ==> ignore
    arg [-o] ==> ignore
    arg [/Users/hexk/Desktop/glfw-3.3.2/Build/CMakeFiles/CMakeTmp/Debug/cmTC_23f41] ==> ignore
    arg [-filelist] ==> ignore
    arg [/Users/hexk/Desktop/glfw-3.3.2/Build/CMakeFiles/CMakeTmp/CMAKE_TRY_COMPILE.build/Debug/cmTC_23f41.build/Objects-normal/x86_64/cmTC_23f41.LinkFileList] ==> ignore
    arg [-object_path_lto] ==> ignore
    arg [/Users/hexk/Desktop/glfw-3.3.2/Build/CMakeFiles/CMakeTmp/CMAKE_TRY_COMPILE.build/Debug/cmTC_23f41.build/Objects-normal/x86_64/cmTC_23f41_lto.o] ==> ignore
    arg [-no_deduplicate] ==> ignore
    arg [-v] ==> ignore
    arg [-search_paths_first] ==> ignore
    arg [-headerpad_max_install_names] ==> ignore
    arg [-dependency_info] ==> ignore
    arg [/Users/hexk/Desktop/glfw-3.3.2/Build/CMakeFiles/CMakeTmp/CMAKE_TRY_COMPILE.build/Debug/cmTC_23f41.build/Objects-normal/x86_64/cmTC_23f41_dependency_info.dat] ==> ignore
    arg [-lSystem] ==> lib [System]
    arg [/Applications/Xcode.app/Contents/Developer/Toolchains/XcodeDefault.xctoolchain/usr/lib/clang/11.0.3/lib/darwin/libclang_rt.osx.a] ==> lib [/Applications/Xcode.app/Contents/Developer/Toolchains/XcodeDefault.xctoolchain/usr/lib/clang/11.0.3/lib/darwin/libclang_rt.osx.a]
  Library search paths: [;/Users/hexk/Desktop/glfw-3.3.2/Build/CMakeFiles/CMakeTmp/Debug;/Applications/Xcode.app/Contents/Developer/Platforms/MacOSX.platform/Developer/SDKs/MacOSX10.15.sdk/usr/lib]
  Framework search paths: [;/Users/hexk/Desktop/glfw-3.3.2/Build/CMakeFiles/CMakeTmp/Debug;/Applications/Xcode.app/Contents/Developer/Platforms/MacOSX.platform/Developer/SDKs/MacOSX10.15.sdk/System/Library/Frameworks/]
  remove lib [System]
  remove lib [/Applications/Xcode.app/Contents/Developer/Toolchains/XcodeDefault.xctoolchain/usr/lib/clang/11.0.3/lib/darwin/libclang_rt.osx.a]
  collapse library dir [/Users/hexk/Desktop/glfw-3.3.2/Build/CMakeFiles/CMakeTmp/Debug] ==> [/Users/hexk/Desktop/glfw-3.3.2/Build/CMakeFiles/CMakeTmp/Debug], skipping non-system directory
  collapse library dir [/Applications/Xcode.app/Contents/Developer/Platforms/MacOSX.platform/Developer/SDKs/MacOSX10.15.sdk/usr/lib] ==> [/Applications/Xcode.app/Contents/Developer/Platforms/MacOSX.platform/Developer/SDKs/MacOSX10.15.sdk/usr/lib]
  collapse framework dir [/Users/hexk/Desktop/glfw-3.3.2/Build/CMakeFiles/CMakeTmp/Debug] ==> [/Users/hexk/Desktop/glfw-3.3.2/Build/CMakeFiles/CMakeTmp/Debug], skipping non-system directory
  collapse framework dir [/Applications/Xcode.app/Contents/Developer/Platforms/MacOSX.platform/Developer/SDKs/MacOSX10.15.sdk/System/Library/Frameworks/] ==> [/Applications/Xcode.app/Contents/Developer/Platforms/MacOSX.platform/Developer/SDKs/MacOSX10.15.sdk/System/Library/Frameworks]
  implicit libs: []
  implicit dirs: [/Applications/Xcode.app/Contents/Developer/Platforms/MacOSX.platform/Developer/SDKs/MacOSX10.15.sdk/usr/lib]
  implicit fwks: [/Applications/Xcode.app/Contents/Developer/Platforms/MacOSX.platform/Developer/SDKs/MacOSX10.15.sdk/System/Library/Frameworks]


Determining if the include file pthread.h exists passed with the following output:
Change Dir: /Users/hexk/Desktop/glfw-3.3.2/Build/CMakeFiles/CMakeTmp

Run Build Command(s):/usr/bin/xcodebuild -project CMAKE_TRY_COMPILE.xcodeproj build -target cmTC_4a04f -configuration Debug -hideShellScriptEnvironment && Command line invocation:
    /Applications/Xcode.app/Contents/Developer/usr/bin/xcodebuild -project CMAKE_TRY_COMPILE.xcodeproj build -target cmTC_4a04f -configuration Debug -hideShellScriptEnvironment

User defaults from command line:
    HideShellScriptEnvironment = YES

Prepare build
note: Using legacy build system
=== BUILD TARGET cmTC_4a04f OF PROJECT CMAKE_TRY_COMPILE WITH CONFIGURATION Debug ===

Check dependencies

Write auxiliary files
/bin/mkdir -p /Users/hexk/Desktop/glfw-3.3.2/Build/CMakeFiles/CMakeTmp/CMAKE_TRY_COMPILE.build/Debug/cmTC_4a04f.build/Objects-normal/x86_64
write-file /Users/hexk/Desktop/glfw-3.3.2/Build/CMakeFiles/CMakeTmp/CMAKE_TRY_COMPILE.build/Debug/cmTC_4a04f.build/Objects-normal/x86_64/cmTC_4a04f.LinkFileList

CompileC CMAKE_TRY_COMPILE.build/Debug/cmTC_4a04f.build/Objects-normal/x86_64/CheckIncludeFile.o CheckIncludeFile.c normal x86_64 c com.apple.compilers.llvm.clang.1_0.compiler
    cd /Users/hexk/Desktop/glfw-3.3.2/Build/CMakeFiles/CMakeTmp
    /Applications/Xcode.app/Contents/Developer/Toolchains/XcodeDefault.xctoolchain/usr/bin/clang -x c -target x86_64-apple-macos10.15 -fmessage-length=0 -fdiagnostics-show-note-include-stack -fmacro-backtrace-limit=0 -Wno-trigraphs -fpascal-strings -O0 -Wno-missing-field-initializers -Wno-missing-prototypes -Wno-return-type -Wno-missing-braces -Wparentheses -Wswitch -Wno-unused-function -Wno-unused-label -Wno-unused-parameter -Wno-unused-variable -Wunused-value -Wno-empty-body -Wno-uninitialized -Wno-unknown-pragmas -Wno-shadow -Wno-four-char-constants -Wno-conversion -Wno-constant-conversion -Wno-int-conversion -Wno-bool-conversion -Wno-enum-conversion -Wno-float-conversion -Wno-non-literal-null-conversion -Wno-objc-literal-conversion -Wno-shorten-64-to-32 -Wpointer-sign -Wno-newline-eof -DCMAKE_INTDIR=\"Debug\" -isysroot /Applications/Xcode.app/Contents/Developer/Platforms/MacOSX.platform/Developer/SDKs/MacOSX10.15.sdk -fasm-blocks -fstrict-aliasing -Wdeprecated-declarations -g -Wno-sign-conversion -Wno-infinite-recursion -Wno-comma -Wno-block-capture-autoreleasing -Wno-strict-prototypes -Wno-semicolon-before-method-body -I/Users/hexk/Desktop/glfw-3.3.2/Build/CMakeFiles/CMakeTmp/Debug/include -I/Users/hexk/Desktop/glfw-3.3.2/Build/CMakeFiles/CMakeTmp/CMAKE_TRY_COMPILE.build/Debug/cmTC_4a04f.build/DerivedSources-normal/x86_64 -I/Users/hexk/Desktop/glfw-3.3.2/Build/CMakeFiles/CMakeTmp/CMAKE_TRY_COMPILE.build/Debug/cmTC_4a04f.build/DerivedSources/x86_64 -I/Users/hexk/Desktop/glfw-3.3.2/Build/CMakeFiles/CMakeTmp/CMAKE_TRY_COMPILE.build/Debug/cmTC_4a04f.build/DerivedSources -F/Users/hexk/Desktop/glfw-3.3.2/Build/CMakeFiles/CMakeTmp/Debug -MMD -MT dependencies -MF /Users/hexk/Desktop/glfw-3.3.2/Build/CMakeFiles/CMakeTmp/CMAKE_TRY_COMPILE.build/Debug/cmTC_4a04f.build/Objects-normal/x86_64/CheckIncludeFile.d --serialize-diagnostics /Users/hexk/Desktop/glfw-3.3.2/Build/CMakeFiles/CMakeTmp/CMAKE_TRY_COMPILE.build/Debug/cmTC_4a04f.build/Objects-normal/x86_64/CheckIncludeFile.dia -c /Users/hexk/Desktop/glfw-3.3.2/Build/CMakeFiles/CMakeTmp/CheckIncludeFile.c -o /Users/hexk/Desktop/glfw-3.3.2/Build/CMakeFiles/CMakeTmp/CMAKE_TRY_COMPILE.build/Debug/cmTC_4a04f.build/Objects-normal/x86_64/CheckIncludeFile.o

Ld Debug/cmTC_4a04f normal x86_64
    cd /Users/hexk/Desktop/glfw-3.3.2/Build/CMakeFiles/CMakeTmp
    /Applications/Xcode.app/Contents/Developer/Toolchains/XcodeDefault.xctoolchain/usr/bin/clang -target x86_64-apple-macos10.15 -isysroot /Applications/Xcode.app/Contents/Developer/Platforms/MacOSX.platform/Developer/SDKs/MacOSX10.15.sdk -L/Users/hexk/Desktop/glfw-3.3.2/Build/CMakeFiles/CMakeTmp/Debug -F/Users/hexk/Desktop/glfw-3.3.2/Build/CMakeFiles/CMakeTmp/Debug -filelist /Users/hexk/Desktop/glfw-3.3.2/Build/CMakeFiles/CMakeTmp/CMAKE_TRY_COMPILE.build/Debug/cmTC_4a04f.build/Objects-normal/x86_64/cmTC_4a04f.LinkFileList -Xlinker -object_path_lto -Xlinker /Users/hexk/Desktop/glfw-3.3.2/Build/CMakeFiles/CMakeTmp/CMAKE_TRY_COMPILE.build/Debug/cmTC_4a04f.build/Objects-normal/x86_64/cmTC_4a04f_lto.o -Xlinker -no_deduplicate -Wl,-search_paths_first -Wl,-headerpad_max_install_names -Xlinker -dependency_info -Xlinker /Users/hexk/Desktop/glfw-3.3.2/Build/CMakeFiles/CMakeTmp/CMAKE_TRY_COMPILE.build/Debug/cmTC_4a04f.build/Objects-normal/x86_64/cmTC_4a04f_dependency_info.dat -o /Users/hexk/Desktop/glfw-3.3.2/Build/CMakeFiles/CMakeTmp/Debug/cmTC_4a04f

** BUILD SUCCEEDED ** [0.213 sec]




Performing C SOURCE FILE Test CMAKE_HAVE_LIBC_PTHREAD succeeded with the following output:
Change Dir: /Users/hexk/Desktop/glfw-3.3.2/Build/CMakeFiles/CMakeTmp

Run Build Command(s):/usr/bin/xcodebuild -project CMAKE_TRY_COMPILE.xcodeproj build -target cmTC_02157 -configuration Debug -hideShellScriptEnvironment && Command line invocation:
    /Applications/Xcode.app/Contents/Developer/usr/bin/xcodebuild -project CMAKE_TRY_COMPILE.xcodeproj build -target cmTC_02157 -configuration Debug -hideShellScriptEnvironment

User defaults from command line:
    HideShellScriptEnvironment = YES

Prepare build
note: Using legacy build system
=== BUILD TARGET cmTC_02157 OF PROJECT CMAKE_TRY_COMPILE WITH CONFIGURATION Debug ===

Check dependencies

Write auxiliary files
/bin/mkdir -p /Users/hexk/Desktop/glfw-3.3.2/Build/CMakeFiles/CMakeTmp/CMAKE_TRY_COMPILE.build/Debug/cmTC_02157.build/Objects-normal/x86_64
write-file /Users/hexk/Desktop/glfw-3.3.2/Build/CMakeFiles/CMakeTmp/CMAKE_TRY_COMPILE.build/Debug/cmTC_02157.build/Objects-normal/x86_64/cmTC_02157.LinkFileList

CompileC CMAKE_TRY_COMPILE.build/Debug/cmTC_02157.build/Objects-normal/x86_64/src.o src.c normal x86_64 c com.apple.compilers.llvm.clang.1_0.compiler
    cd /Users/hexk/Desktop/glfw-3.3.2/Build/CMakeFiles/CMakeTmp
    /Applications/Xcode.app/Contents/Developer/Toolchains/XcodeDefault.xctoolchain/usr/bin/clang -x c -target x86_64-apple-macos10.15 -fmessage-length=0 -fdiagnostics-show-note-include-stack -fmacro-backtrace-limit=0 -Wno-trigraphs -fpascal-strings -O0 -Wno-missing-field-initializers -Wno-missing-prototypes -Wno-return-type -Wno-missing-braces -Wparentheses -Wswitch -Wno-unused-function -Wno-unused-label -Wno-unused-parameter -Wno-unused-variable -Wunused-value -Wno-empty-body -Wno-uninitialized -Wno-unknown-pragmas -Wno-shadow -Wno-four-char-constants -Wno-conversion -Wno-constant-conversion -Wno-int-conversion -Wno-bool-conversion -Wno-enum-conversion -Wno-float-conversion -Wno-non-literal-null-conversion -Wno-objc-literal-conversion -Wno-shorten-64-to-32 -Wpointer-sign -Wno-newline-eof -DCMAKE_INTDIR=\"Debug\" -DCMAKE_HAVE_LIBC_PTHREAD -isysroot /Applications/Xcode.app/Contents/Developer/Platforms/MacOSX.platform/Developer/SDKs/MacOSX10.15.sdk -fasm-blocks -fstrict-aliasing -Wdeprecated-declarations -g -Wno-sign-conversion -Wno-infinite-recursion -Wno-comma -Wno-block-capture-autoreleasing -Wno-strict-prototypes -Wno-semicolon-before-method-body -I/Users/hexk/Desktop/glfw-3.3.2/Build/CMakeFiles/CMakeTmp/Debug/include -I/Users/hexk/Desktop/glfw-3.3.2/Build/CMakeFiles/CMakeTmp/CMAKE_TRY_COMPILE.build/Debug/cmTC_02157.build/DerivedSources-normal/x86_64 -I/Users/hexk/Desktop/glfw-3.3.2/Build/CMakeFiles/CMakeTmp/CMAKE_TRY_COMPILE.build/Debug/cmTC_02157.build/DerivedSources/x86_64 -I/Users/hexk/Desktop/glfw-3.3.2/Build/CMakeFiles/CMakeTmp/CMAKE_TRY_COMPILE.build/Debug/cmTC_02157.build/DerivedSources -F/Users/hexk/Desktop/glfw-3.3.2/Build/CMakeFiles/CMakeTmp/Debug -MMD -MT dependencies -MF /Users/hexk/Desktop/glfw-3.3.2/Build/CMakeFiles/CMakeTmp/CMAKE_TRY_COMPILE.build/Debug/cmTC_02157.build/Objects-normal/x86_64/src.d --serialize-diagnostics /Users/hexk/Desktop/glfw-3.3.2/Build/CMakeFiles/CMakeTmp/CMAKE_TRY_COMPILE.build/Debug/cmTC_02157.build/Objects-normal/x86_64/src.dia -c /Users/hexk/Desktop/glfw-3.3.2/Build/CMakeFiles/CMakeTmp/src.c -o /Users/hexk/Desktop/glfw-3.3.2/Build/CMakeFiles/CMakeTmp/CMAKE_TRY_COMPILE.build/Debug/cmTC_02157.build/Objects-normal/x86_64/src.o

Ld Debug/cmTC_02157 normal x86_64
    cd /Users/hexk/Desktop/glfw-3.3.2/Build/CMakeFiles/CMakeTmp
    /Applications/Xcode.app/Contents/Developer/Toolchains/XcodeDefault.xctoolchain/usr/bin/clang -target x86_64-apple-macos10.15 -isysroot /Applications/Xcode.app/Contents/Developer/Platforms/MacOSX.platform/Developer/SDKs/MacOSX10.15.sdk -L/Users/hexk/Desktop/glfw-3.3.2/Build/CMakeFiles/CMakeTmp/Debug -F/Users/hexk/Desktop/glfw-3.3.2/Build/CMakeFiles/CMakeTmp/Debug -filelist /Users/hexk/Desktop/glfw-3.3.2/Build/CMakeFiles/CMakeTmp/CMAKE_TRY_COMPILE.build/Debug/cmTC_02157.build/Objects-normal/x86_64/cmTC_02157.LinkFileList -Xlinker -object_path_lto -Xlinker /Users/hexk/Desktop/glfw-3.3.2/Build/CMakeFiles/CMakeTmp/CMAKE_TRY_COMPILE.build/Debug/cmTC_02157.build/Objects-normal/x86_64/cmTC_02157_lto.o -Xlinker -no_deduplicate -Wl,-search_paths_first -Wl,-headerpad_max_install_names -Xlinker -dependency_info -Xlinker /Users/hexk/Desktop/glfw-3.3.2/Build/CMakeFiles/CMakeTmp/CMAKE_TRY_COMPILE.build/Debug/cmTC_02157.build/Objects-normal/x86_64/cmTC_02157_dependency_info.dat -o /Users/hexk/Desktop/glfw-3.3.2/Build/CMakeFiles/CMakeTmp/Debug/cmTC_02157

** BUILD SUCCEEDED ** [0.199 sec]



Source file was:
#include <pthread.h>

static void* test_func(void* data)
{
  return data;
}

int main(void)
{
  pthread_t thread;
  pthread_create(&thread, NULL, test_func, NULL);
  pthread_detach(thread);
  pthread_cancel(thread);
  pthread_join(thread, NULL);
  pthread_atfork(NULL, NULL, NULL);
  pthread_exit(NULL);

  return 0;
}

